<?xml version="1.0" encoding="UTF-8"?>
<!-- Generated by org.testng.reporters.JUnitXMLReporter -->
<testsuite ignored="0" hostname="LAPTOP-6PF3SGRJ" failures="0" tests="3" name="Default test" time="195.573" errors="0" timestamp="2020-03-11T12:04:40 EDT">
  <testcase classname="testingInNg.miscellaneousTests" name="PatientLogin" time="38.275"/>
  <testcase classname="testingInNg.miscellaneousTests" name="buttonFunctionality" time="64.786"/>
  <testcase classname="testingInNg.miscellaneousTests" name="wallPost" time="61.54"/>
</testsuite> <!-- Default test -->
