<?xml version="1.0" encoding="UTF-8"?>
<testng-results ignored="0" total="3" passed="3" failed="0" skipped="0">
  <reporter-output>
  </reporter-output>
  <suite started-at="2020-03-11T12:01:25 EDT" name="Default suite" finished-at="2020-03-11T12:04:40 EDT" duration-ms="195573">
    <groups>
    </groups>
    <test started-at="2020-03-11T12:01:25 EDT" name="Default test" finished-at="2020-03-11T12:04:40 EDT" duration-ms="195573">
      <class name="testingInNg.miscellaneousTests">
        <test-method is-config="true" signature="setUp()[pri:0, instance:testingInNg.miscellaneousTests@5c909414]" started-at="2020-03-11T12:01:25 EDT" name="setUp" finished-at="2020-03-11T12:01:34 EDT" duration-ms="9654" status="PASS">
          <reporter-output>
          </reporter-output>
        </test-method> <!-- setUp -->
        <test-method signature="PatientLogin()[pri:1, instance:testingInNg.miscellaneousTests@5c909414]" started-at="2020-03-11T12:01:34 EDT" name="PatientLogin" description="This test will log in as the Patient account" finished-at="2020-03-11T12:02:13 EDT" duration-ms="38275" status="PASS">
          <reporter-output>
          </reporter-output>
        </test-method> <!-- PatientLogin -->
        <test-method is-config="true" signature="tearDown()[pri:0, instance:testingInNg.miscellaneousTests@5c909414]" started-at="2020-03-11T12:02:13 EDT" name="tearDown" finished-at="2020-03-11T12:02:13 EDT" duration-ms="137" status="PASS">
          <reporter-output>
          </reporter-output>
        </test-method> <!-- tearDown -->
        <test-method is-config="true" signature="setUp()[pri:0, instance:testingInNg.miscellaneousTests@5c909414]" started-at="2020-03-11T12:02:13 EDT" name="setUp" finished-at="2020-03-11T12:02:22 EDT" duration-ms="9327" status="PASS">
          <reporter-output>
          </reporter-output>
        </test-method> <!-- setUp -->
        <test-method signature="buttonFunctionality()[pri:2, instance:testingInNg.miscellaneousTests@5c909414]" started-at="2020-03-11T12:02:22 EDT" name="buttonFunctionality" description="This Test will click on the following buttons on the main Page: Home, Videocall, chat, groups, notifications, settings, account icon" finished-at="2020-03-11T12:03:27 EDT" depends-on-methods="testingInNg.miscellaneousTests.PatientLogin" duration-ms="64786" status="PASS">
          <reporter-output>
          </reporter-output>
        </test-method> <!-- buttonFunctionality -->
        <test-method is-config="true" signature="tearDown()[pri:0, instance:testingInNg.miscellaneousTests@5c909414]" started-at="2020-03-11T12:03:27 EDT" name="tearDown" finished-at="2020-03-11T12:03:27 EDT" duration-ms="77" status="PASS">
          <reporter-output>
          </reporter-output>
        </test-method> <!-- tearDown -->
        <test-method is-config="true" signature="setUp()[pri:0, instance:testingInNg.miscellaneousTests@5c909414]" started-at="2020-03-11T12:03:27 EDT" name="setUp" finished-at="2020-03-11T12:03:34 EDT" duration-ms="7385" status="PASS">
          <reporter-output>
          </reporter-output>
        </test-method> <!-- setUp -->
        <test-method signature="wallPost()[pri:3, instance:testingInNg.miscellaneousTests@5c909414]" started-at="2020-03-11T12:03:34 EDT" name="wallPost" description="Create a new userAccount" finished-at="2020-03-11T12:04:36 EDT" duration-ms="61540" status="PASS">
          <reporter-output>
          </reporter-output>
        </test-method> <!-- wallPost -->
        <test-method is-config="true" signature="tearDown()[pri:0, instance:testingInNg.miscellaneousTests@5c909414]" started-at="2020-03-11T12:04:36 EDT" name="tearDown" finished-at="2020-03-11T12:04:40 EDT" duration-ms="4346" status="PASS">
          <reporter-output>
          </reporter-output>
        </test-method> <!-- tearDown -->
      </class> <!-- testingInNg.miscellaneousTests -->
    </test> <!-- Default test -->
  </suite> <!-- Default suite -->
</testng-results>
